<?xml version="1.0" encoding="UTF-8"?>
<!-- Generated by org.testng.reporters.JUnitReportReporter -->
<testsuite hostname="Sudhas-MacBook-Air.local" name="com.sudha.shoppingcart.tests.HomePageTest" tests="3" failures="0" timestamp="17 Oct 2017 10:13:12 GMT" time="8.443" errors="0">
  <testcase name="checkCart" time="1.970" classname="com.sudha.shoppingcart.tests.HomePageTest"/>
  <testcase name="searchArticle" time="6.313" classname="com.sudha.shoppingcart.tests.HomePageTest"/>
  <testcase name="addItemToCart" time="0.160" classname="com.sudha.shoppingcart.tests.HomePageTest"/>
</testsuite> <!-- com.sudha.shoppingcart.tests.HomePageTest -->
