<?xml version="1.0" encoding="UTF-8"?>
<!-- Generated by org.testng.reporters.JUnitReportReporter -->
<testsuite hostname="Sudhas-MacBook-Air.local" name="com.sudha.shoppingcart.setup.OpenBrowser" tests="1" failures="0" timestamp="17 Oct 2017 10:12:52 GMT" time="8.583" errors="0">
  <testcase name="startBrowser" time="8.583" classname="com.sudha.shoppingcart.setup.OpenBrowser"/>
</testsuite> <!-- com.sudha.shoppingcart.setup.OpenBrowser -->
