<?xml version="1.0" encoding="UTF-8"?>
<!-- Generated by org.testng.reporters.JUnitReportReporter -->
<testsuite hostname="Sudhas-MacBook-Air.local" name="com.sudha.shoppingcart.pageobjects.LoginPage" tests="1" failures="0" timestamp="13 Oct 2017 18:29:39 GMT" time="3.678" errors="0">
  <testcase name="userLogin" time="3.678" classname="com.sudha.shoppingcart.pageobjects.LoginPage"/>
</testsuite> <!-- com.sudha.shoppingcart.pageobjects.LoginPage -->
